#
# There is insufficient memory for the Java Runtime Environment to continue.
# Native memory allocation (mmap) failed to map 67108864 bytes for G1 virtual space
# Possible reasons:
#   The system is out of physical RAM or swap space
#   The process is running with CompressedOops enabled, and the Java Heap may be blocking the growth of the native heap
# Possible solutions:
#   Reduce memory load on the system
#   Increase physical memory or swap space
#   Check if swap backing store is full
#   Decrease Java heap size (-Xmx/-Xms)
#   Decrease number of Java threads
#   Decrease Java thread stack sizes (-Xss)
#   Set larger code cache with -XX:ReservedCodeCacheSize=
#   JVM is running with Unscaled Compressed Oops mode in which the Java heap is
#     placed in the first 4GB address space. The Java Heap base address is the
#     maximum limit for the native heap growth. Please use -XX:HeapBaseMinAddress
#     to set the Java Heap base and to place the Java Heap above 4GB virtual address.
# This output file may be truncated or incomplete.
#
#  Out of Memory Error (os_windows.cpp:3469), pid=3884, tid=3248
#
# JRE version:  (17.0+35) (build )
# Java VM: Java HotSpot(TM) 64-Bit Server VM (17+35-LTS-2724, mixed mode, sharing, tiered, compressed oops, compressed class ptrs, g1 gc, windows-amd64)
# No core dump will be written. Minidumps are not enabled by default on client versions of Windows
#

---------------  S U M M A R Y ------------

Command Line: -javaagent:C:\Program Files\JetBrains\IntelliJ IDEA Community Edition 2021.3.2\lib\idea_rt.jar=49905:C:\Program Files\JetBrains\IntelliJ IDEA Community Edition 2021.3.2\bin -Dfile.encoding=UTF-8 com.company.Main

Host: Intel(R) Core(TM) i3-8130U CPU @ 2.20GHz, 4 cores, 3G,  Windows 10 , 64 bit Build 18362 (10.0.18362.86)
Time: Tue Feb 15 20:24:16 2022 Malay Peninsula Standard Time elapsed time: 0.143383 seconds (0d 0h 0m 0s)

---------------  T H R E A D  ---------------

Current thread (0x00000249c78adbc0):  JavaThread "Unknown thread" [_thread_in_vm, id=3248, stack(0x000000b717800000,0x000000b717900000)]

Stack: [0x000000b717800000,0x000000b717900000]
Native frames: (J=compiled Java code, j=interpreted, Vv=VM code, C=native code)
V  [jvm.dll+0x66f8ea]
V  [jvm.dll+0x7ce224]
V  [jvm.dll+0x7cf9ce]
V  [jvm.dll+0x7d0033]
V  [jvm.dll+0x242bb5]
V  [jvm.dll+0x66c909]
V  [jvm.dll+0x6613d2]
V  [jvm.dll+0x30082b]
V  [jvm.dll+0x307db6]
V  [jvm.dll+0x357a0e]
V  [jvm.dll+0x357c3f]
V  [jvm.dll+0x2d7ae8]
V  [jvm.dll+0x2d8a54]
V  [jvm.dll+0x7a00a1]
V  [jvm.dll+0x365781]
V  [jvm.dll+0x77f59c]
V  [jvm.dll+0x3e805f]
V  [jvm.dll+0x3e9b01]
C  [jli.dll+0x527b]
C  [ucrtbase.dll+0x1d912]
C  [KERNEL32.DLL+0x17bd4]
C  [ntdll.dll+0x6ce71]


---------------  P R O C E S S  ---------------

Threads class SMR info:
_java_thread_list=0x00007ffae3cd7818, length=0, elements={
}

Java Threads: ( => current thread )

Other Threads:
  0x00000249c78dc810 GCTaskThread "GC Thread#0" [stack: 0x000000b717a00000,0x000000b717b00000] [id=2168]
  0x00000249c78e62f0 ConcurrentGCThread "G1 Main Marker" [stack: 0x000000b717b00000,0x000000b717c00000] [id=6188]
  0x00000249c78e7c20 ConcurrentGCThread "G1 Conc#0" [stack: 0x000000b717c00000,0x000000b717d00000] [id=4392]

[error occurred during error reporting (printing all threads), id 0xc0000005, EXCEPTION_ACCESS_VIOLATION (0xc0000005) at pc=0x00007ffae35284c7]

VM state: not at safepoint (not fully initialized)

VM Mutex/Monitor currently owned by a thread:  ([mutex/lock_event])
[0x00000249c78ab930] Heap_lock - owner thread: 0x00000249c78adbc0

Heap address: 0x00000000c1c00000, size: 996 MB, Compressed Oops mode: 32-bit

CDS archive(s) mapped at: [0x0000000000000000-0x0000000000000000-0x0000000000000000), size 0, SharedBaseAddress: 0x0000000800000000, ArchiveRelocationMode: 0.
Narrow klass base: 0x0000000000000000, Narrow klass shift: 0, Narrow klass range: 0x0

GC Precious Log:
<Empty>

Heap:
 garbage-first heap   total 0K, used 0K [0x00000000c1c00000, 0x0000000100000000)
  region size 1024K, 0 young (0K), 0 survivors (0K)

[error occurred during error reporting (printing heap information), id 0xc0000005, EXCEPTION_ACCESS_VIOLATION (0xc0000005) at pc=0x00007ffae3908c59]

GC Heap History (0 events):
No events

Deoptimization events (0 events):
No events

Classes unloaded (0 events):
No events

Classes redefined (0 events):
No events

Internal exceptions (0 events):
No events

VM Operations (0 events):
No events

Events (1 events):
Event: 0.031 Loaded shared library C:\Program Files\Java\jdk-17\bin\java.dll


Dynamic libraries:
0x00007ff69f280000 - 0x00007ff69f290000 	C:\Program Files\Java\jdk-17\bin\java.exe
0x00007ffb29e80000 - 0x00007ffb2a070000 	C:\Windows\SYSTEM32\ntdll.dll
0x00007ffb29c80000 - 0x00007ffb29d32000 	C:\Windows\System32\KERNEL32.DLL
0x00007ffb27120000 - 0x00007ffb273c3000 	C:\Windows\System32\KERNELBASE.dll
0x00007ffb27d30000 - 0x00007ffb27e2a000 	C:\Windows\System32\ucrtbase.dll
0x00007ffb12ef0000 - 0x00007ffb12f08000 	C:\Program Files\Java\jdk-17\bin\jli.dll
0x00007ffb285c0000 - 0x00007ffb28663000 	C:\Windows\System32\ADVAPI32.dll
0x00007ffb29be0000 - 0x00007ffb29c7e000 	C:\Windows\System32\msvcrt.dll
0x00007ffb286d0000 - 0x00007ffb28767000 	C:\Windows\System32\sechost.dll
0x00007ffb12ed0000 - 0x00007ffb12eea000 	C:\Program Files\Java\jdk-17\bin\VCRUNTIME140.dll
0x00007ffb28340000 - 0x00007ffb28460000 	C:\Windows\System32\RPCRT4.dll
0x00007ffb28ce0000 - 0x00007ffb28e73000 	C:\Windows\System32\USER32.dll
0x00007ffb274c0000 - 0x00007ffb274e1000 	C:\Windows\System32\win32u.dll
0x00007ffb29e40000 - 0x00007ffb29e66000 	C:\Windows\System32\GDI32.dll
0x00007ffb26e50000 - 0x00007ffb26fe4000 	C:\Windows\System32\gdi32full.dll
0x00007ffb273d0000 - 0x00007ffb2746e000 	C:\Windows\System32\msvcp_win.dll
0x00007ffb16540000 - 0x00007ffb167c5000 	C:\Windows\WinSxS\amd64_microsoft.windows.common-controls_6595b64144ccf1df_6.0.18362.175_none_e6c3ab1f131014c9\COMCTL32.dll
0x00007ffb27f80000 - 0x00007ffb282b6000 	C:\Windows\System32\combase.dll
0x00007ffb27520000 - 0x00007ffb275a1000 	C:\Windows\System32\bcryptPrimitives.dll
0x00007ffb21030000 - 0x00007ffb2103a000 	C:\Windows\SYSTEM32\VERSION.dll
0x00007ffb287d0000 - 0x00007ffb287fe000 	C:\Windows\System32\IMM32.DLL
0x00007ffb1c920000 - 0x00007ffb1c92c000 	C:\Program Files\Java\jdk-17\bin\vcruntime140_1.dll
0x00007ffb094a0000 - 0x00007ffb0952d000 	C:\Program Files\Java\jdk-17\bin\msvcp140.dll
0x00007ffae3240000 - 0x00007ffae3dfe000 	C:\Program Files\Java\jdk-17\bin\server\jvm.dll
0x00007ffb29d40000 - 0x00007ffb29d48000 	C:\Windows\System32\PSAPI.DLL
0x00007ffb1c9d0000 - 0x00007ffb1c9d9000 	C:\Windows\SYSTEM32\WSOCK32.dll
0x00007ffb28a10000 - 0x00007ffb28a7f000 	C:\Windows\System32\WS2_32.dll
0x00007ffb249f0000 - 0x00007ffb24a14000 	C:\Windows\SYSTEM32\WINMM.dll
0x00007ffb249c0000 - 0x00007ffb249ed000 	C:\Windows\SYSTEM32\WINMMBASE.dll
0x00007ffb27470000 - 0x00007ffb274ba000 	C:\Windows\System32\cfgmgr32.dll
0x00007ffb26e30000 - 0x00007ffb26e41000 	C:\Windows\System32\kernel.appcore.dll
0x00007ffb10580000 - 0x00007ffb1058a000 	C:\Program Files\Java\jdk-17\bin\jimage.dll
0x00007ffb24d90000 - 0x00007ffb24f84000 	C:\Windows\SYSTEM32\DBGHELP.DLL
0x00007ffb219b0000 - 0x00007ffb219da000 	C:\Windows\SYSTEM32\dbgcore.DLL
0x00007ffb09490000 - 0x00007ffb0949e000 	C:\Program Files\Java\jdk-17\bin\instrument.dll
0x00007ffb10550000 - 0x00007ffb10575000 	C:\Program Files\Java\jdk-17\bin\java.dll

dbghelp: loaded successfully - version: 4.0.5 - missing functions: none
symbol engine: initialized successfully - sym options: 0x614 - pdb path: .;C:\Program Files\Java\jdk-17\bin;C:\Windows\SYSTEM32;C:\Windows\WinSxS\amd64_microsoft.windows.common-controls_6595b64144ccf1df_6.0.18362.175_none_e6c3ab1f131014c9;C:\Program Files\Java\jdk-17\bin\server

VM Arguments:
jvm_args: -javaagent:C:\Program Files\JetBrains\IntelliJ IDEA Community Edition 2021.3.2\lib\idea_rt.jar=49905:C:\Program Files\JetBrains\IntelliJ IDEA Community Edition 2021.3.2\bin -Dfile.encoding=UTF-8 
java_command: com.company.Main
java_class_path (initial): C:\Users\angelle's\IdeaProjects\Strings\out\production\Strings
Launcher Type: SUN_STANDARD

[Global flags]
     intx CICompilerCount                          = 3                                         {product} {ergonomic}
     uint ConcGCThreads                            = 1                                         {product} {ergonomic}
     uint G1ConcRefinementThreads                  = 4                                         {product} {ergonomic}
   size_t G1HeapRegionSize                         = 1048576                                   {product} {ergonomic}
    uintx GCDrainStackTargetSize                   = 64                                        {product} {ergonomic}
   size_t InitialHeapSize                          = 67108864                                  {product} {ergonomic}
   size_t MarkStackSize                            = 4194304                                   {product} {ergonomic}
   size_t MaxHeapSize                              = 1044381696                                {product} {ergonomic}
   size_t MinHeapDeltaBytes                        = 1048576                                   {product} {ergonomic}
   size_t MinHeapSize                              = 8388608                                   {product} {ergonomic}
    uintx NonNMethodCodeHeapSize                   = 5832780                                {pd product} {ergonomic}
    uintx NonProfiledCodeHeapSize                  = 122912730                              {pd product} {ergonomic}
    uintx ProfiledCodeHeapSize                     = 122912730                              {pd product} {ergonomic}
    uintx ReservedCodeCacheSize                    = 251658240                              {pd product} {ergonomic}
     bool SegmentedCodeCache                       = true                                      {product} {ergonomic}
   size_t SoftMaxHeapSize                          = 1044381696                             {manageable} {ergonomic}
     bool UseCompressedClassPointers               = true                           {product lp64_product} {ergonomic}
     bool UseCompressedOops                        = true                           {product lp64_product} {ergonomic}
     bool UseG1GC                                  = true                                      {product} {ergonomic}
     bool UseLargePagesIndividualAllocation        = false                                  {pd product} {ergonomic}

Logging:
Log output configuration:
 #0: stdout all=warning uptime,level,tags
 #1: stderr all=off uptime,level,tags

Environment Variables:
JAVA_HOME=C:\Program Files\Java\jdk-16.0.2
PATH=C:\Program Files\Common Files\Oracle\Java\javapath;C:\Windows\system32;C:\Windows;C:\Windows\System32\Wbem;C:\Windows\System32\WindowsPowerShell\v1.0\;C:\Program Files\Java\jdk-16.0.2\bin;C:\Program Files\Java\jdk-17\bin;C:\Users\angelle's\AppData\Local\Microsoft\WindowsApps;C:\Users\angelle's\AppData\Local\Programs\Microsoft VS Code\bin;C:\Program Files\JetBrains\IntelliJ IDEA 2021.3.2\bin;;C:\Program Files\JetBrains\IntelliJ IDEA Community Edition 2021.3.2\bin;
USERNAME=angelle's
OS=Windows_NT
PROCESSOR_IDENTIFIER=Intel64 Family 6 Model 142 Stepping 10, GenuineIntel



---------------  S Y S T E M  ---------------

OS:
 Windows 10 , 64 bit Build 18362 (10.0.18362.86)
OS uptime: 0 days 0:10 hours

CPU: total 4 (initial active 4) (2 cores per cpu, 2 threads per core) family 6 model 142 stepping 10 microcode 0x96, cx8, cmov, fxsr, ht, mmx, 3dnowpref, sse, sse2, sse3, ssse3, sse4.1, sse4.2, popcnt, lzcnt, tsc, tscinvbit, avx, avx2, aes, erms, clmul, bmi1, bmi2, adx, fma, vzeroupper, clflush, clflushopt

Memory: 4k page, system-wide physical 3978M (233M free)
TotalPageFile size 3978M (AvailPageFile size 85M)
current process WorkingSet (physical memory assigned to process): 10M, peak: 10M
current process commit charge ("private bytes"): 51M, peak: 115M

vm_info: Java HotSpot(TM) 64-Bit Server VM (17+35-LTS-2724) for windows-amd64 JRE (17+35-LTS-2724), built on Aug  5 2021 23:28:28 by "mach5one" with MS VC++ 16.8 (VS2019)

END.
